<?xml version="1.0" encoding="UTF-8"?>
<testng-results skipped="0" failed="0" ignored="0" total="3" passed="3">
  <reporter-output>
  </reporter-output>
  <suite name="Suite" duration-ms="139" started-at="2020-07-21T06:24:32Z" finished-at="2020-07-21T06:24:32Z">
    <groups>
    </groups>
    <test name="Test" duration-ms="139" started-at="2020-07-21T06:24:32Z" finished-at="2020-07-21T06:24:32Z">
      <class name="sample.FirstTest">
        <test-method status="PASS" signature="addtest()[pri:0, instance:sample.FirstTest@2d209079]" name="addtest" duration-ms="32" started-at="2020-07-21T06:24:32Z" finished-at="2020-07-21T06:24:32Z">
          <reporter-output>
          </reporter-output>
        </test-method> <!-- addtest -->
        <test-method status="PASS" signature="multest()[pri:0, instance:sample.FirstTest@2d209079]" name="multest" duration-ms="2" started-at="2020-07-21T06:24:32Z" finished-at="2020-07-21T06:24:32Z">
          <reporter-output>
          </reporter-output>
        </test-method> <!-- multest -->
        <test-method status="PASS" signature="subtest()[pri:0, instance:sample.FirstTest@2d209079]" name="subtest" duration-ms="1" started-at="2020-07-21T06:24:32Z" finished-at="2020-07-21T06:24:32Z">
          <reporter-output>
          </reporter-output>
        </test-method> <!-- subtest -->
      </class> <!-- sample.FirstTest -->
    </test> <!-- Test -->
  </suite> <!-- Suite -->
</testng-results>
