<?xml version="1.0" encoding="UTF-8"?>
<testng-results skipped="0" failed="0" ignored="0" total="3" passed="3">
  <reporter-output>
  </reporter-output>
  <suite name="Default suite" duration-ms="99" started-at="2020-07-20T08:36:52Z" finished-at="2020-07-20T08:36:52Z">
    <groups>
    </groups>
    <test name="Default test" duration-ms="99" started-at="2020-07-20T08:36:52Z" finished-at="2020-07-20T08:36:52Z">
      <class name="sample.FirstTest">
        <test-method status="PASS" signature="addtest()[pri:0, instance:sample.FirstTest@3ffc5af1]" name="addtest" duration-ms="30" started-at="2020-07-20T08:36:52Z" finished-at="2020-07-20T08:36:52Z">
          <reporter-output>
          </reporter-output>
        </test-method> <!-- addtest -->
        <test-method status="PASS" signature="multest()[pri:0, instance:sample.FirstTest@3ffc5af1]" name="multest" duration-ms="5" started-at="2020-07-20T08:36:52Z" finished-at="2020-07-20T08:36:52Z">
          <reporter-output>
          </reporter-output>
        </test-method> <!-- multest -->
        <test-method status="PASS" signature="subtest()[pri:0, instance:sample.FirstTest@3ffc5af1]" name="subtest" duration-ms="3" started-at="2020-07-20T08:36:52Z" finished-at="2020-07-20T08:36:52Z">
          <reporter-output>
          </reporter-output>
        </test-method> <!-- subtest -->
      </class> <!-- sample.FirstTest -->
    </test> <!-- Default test -->
  </suite> <!-- Default suite -->
</testng-results>
